[debug] [2021-02-08T19:15:25.671Z] ----------------------------------------------------------------------
[debug] [2021-02-08T19:15:25.673Z] Command:       /usr/local/bin/node /usr/local/bin/firebase deploy
[debug] [2021-02-08T19:15:25.673Z] CLI Version:   9.3.0
[debug] [2021-02-08T19:15:25.673Z] Platform:      darwin
[debug] [2021-02-08T19:15:25.673Z] Node Version:  v13.12.0
[debug] [2021-02-08T19:15:25.674Z] Time:          Mon Feb 08 2021 14:15:25 GMT-0500 (Eastern Standard Time)
[debug] [2021-02-08T19:15:25.674Z] ----------------------------------------------------------------------
[debug] [2021-02-08T19:15:25.675Z] 
[debug] [2021-02-08T19:15:25.679Z] > command requires scopes: ["email","openid","https://www.googleapis.com/auth/cloudplatformprojects.readonly","https://www.googleapis.com/auth/firebase","https://www.googleapis.com/auth/cloud-platform"]
[debug] [2021-02-08T19:15:25.680Z] > authorizing via signed-in user
[debug] [2021-02-08T19:15:25.680Z] [iam] checking project cloudgile for permissions ["firebase.projects.get","firebasedatabase.instances.update","firebasehosting.sites.update"]
[debug] [2021-02-08T19:15:25.682Z] > refreshing access token with scopes: ["email","https://www.googleapis.com/auth/cloud-platform","https://www.googleapis.com/auth/cloudplatformprojects.readonly","https://www.googleapis.com/auth/firebase","openid"]
[debug] [2021-02-08T19:15:25.682Z] >>> HTTP REQUEST POST https://www.googleapis.com/oauth2/v3/token  
 <request body omitted>
[debug] [2021-02-08T19:15:25.860Z] <<< HTTP RESPONSE 200 {"date":"Mon, 08 Feb 2021 19:15:25 GMT","expires":"Mon, 01 Jan 1990 00:00:00 GMT","cache-control":"no-cache, no-store, max-age=0, must-revalidate","pragma":"no-cache","content-type":"application/json; charset=utf-8","vary":"X-Origin, Referer, Origin,Accept-Encoding","server":"scaffolding on HTTPServer2","x-xss-protection":"0","x-frame-options":"SAMEORIGIN","x-content-type-options":"nosniff","alt-svc":"h3-29=\":443\"; ma=2592000,h3-T051=\":443\"; ma=2592000,h3-Q050=\":443\"; ma=2592000,h3-Q046=\":443\"; ma=2592000,h3-Q043=\":443\"; ma=2592000,quic=\":443\"; ma=2592000; v=\"46,43\"","accept-ranges":"none","transfer-encoding":"chunked"}
[debug] [2021-02-08T19:15:25.888Z] >>> HTTP REQUEST POST https://cloudresourcemanager.googleapis.com/v1/projects/cloudgile:testIamPermissions  
 {"permissions":["firebase.projects.get","firebasedatabase.instances.update","firebasehosting.sites.update"]}
[debug] [2021-02-08T19:15:26.167Z] <<< HTTP RESPONSE 200 {"content-type":"application/json; charset=UTF-8","vary":"X-Origin, Referer, Origin,Accept-Encoding","date":"Mon, 08 Feb 2021 19:15:26 GMT","server":"ESF","cache-control":"private","x-xss-protection":"0","x-frame-options":"SAMEORIGIN","x-content-type-options":"nosniff","server-timing":"gfet4t7; dur=126","alt-svc":"h3-29=\":443\"; ma=2592000,h3-T051=\":443\"; ma=2592000,h3-Q050=\":443\"; ma=2592000,h3-Q046=\":443\"; ma=2592000,h3-Q043=\":443\"; ma=2592000,quic=\":443\"; ma=2592000; v=\"46,43\"","accept-ranges":"none","transfer-encoding":"chunked"}
[debug] [2021-02-08T19:15:26.168Z] [iam] error while checking permissions, command may fail: FirebaseError: Authorization failed. This account is missing the following required permissions on project cloudgile:

  firebasedatabase.instances.update
  firebasehosting.sites.update
[debug] [2021-02-08T19:15:26.169Z] > refreshing access token with scopes: []
[debug] [2021-02-08T19:15:26.169Z] >>> HTTP REQUEST POST https://www.googleapis.com/oauth2/v3/token  
 <request body omitted>
[debug] [2021-02-08T19:15:26.310Z] <<< HTTP RESPONSE 200 {"date":"Mon, 08 Feb 2021 19:15:26 GMT","cache-control":"no-cache, no-store, max-age=0, must-revalidate","expires":"Mon, 01 Jan 1990 00:00:00 GMT","pragma":"no-cache","content-type":"application/json; charset=utf-8","vary":"X-Origin, Referer, Origin,Accept-Encoding","server":"scaffolding on HTTPServer2","x-xss-protection":"0","x-frame-options":"SAMEORIGIN","x-content-type-options":"nosniff","alt-svc":"h3-29=\":443\"; ma=2592000,h3-T051=\":443\"; ma=2592000,h3-Q050=\":443\"; ma=2592000,h3-Q046=\":443\"; ma=2592000,h3-Q043=\":443\"; ma=2592000,quic=\":443\"; ma=2592000; v=\"46,43\"","accept-ranges":"none","transfer-encoding":"chunked"}
[debug] [2021-02-08T19:15:26.340Z] >>> [apiv2][query] GET https://firebase.googleapis.com/v1beta1/projects/cloudgile [none]
[debug] [2021-02-08T19:15:26.578Z] <<< [apiv2][status] GET https://firebase.googleapis.com/v1beta1/projects/cloudgile 200
[debug] [2021-02-08T19:15:26.578Z] <<< [apiv2][body] GET https://firebase.googleapis.com/v1beta1/projects/cloudgile {"projectId":"cloudgile","projectNumber":"629892471859","displayName":"Cloudgile","name":"projects/cloudgile","resources":{"hostingSite":"cloudgile","realtimeDatabaseInstance":"cloudgile-default-rtdb","storageBucket":"cloudgile.appspot.com","locationId":"us-central"},"state":"ACTIVE"}
[debug] [2021-02-08T19:15:26.579Z] >>> [apiv2][query] GET https://firebase.googleapis.com/v1beta1/projects/cloudgile [none]
[debug] [2021-02-08T19:15:26.854Z] <<< [apiv2][status] GET https://firebase.googleapis.com/v1beta1/projects/cloudgile 200
[debug] [2021-02-08T19:15:26.854Z] <<< [apiv2][body] GET https://firebase.googleapis.com/v1beta1/projects/cloudgile {"projectId":"cloudgile","projectNumber":"629892471859","displayName":"Cloudgile","name":"projects/cloudgile","resources":{"hostingSite":"cloudgile","realtimeDatabaseInstance":"cloudgile-default-rtdb","storageBucket":"cloudgile.appspot.com","locationId":"us-central"},"state":"ACTIVE"}
[info] 
[info] === Deploying to 'cloudgile'...
[info] 
[info] i  deploying database, hosting 
[info] i  database: checking rules syntax... 
[debug] [2021-02-08T19:15:26.858Z] > refreshing access token with scopes: ["email","https://www.googleapis.com/auth/cloud-platform","https://www.googleapis.com/auth/cloudplatformprojects.readonly","https://www.googleapis.com/auth/firebase","openid"]
[debug] [2021-02-08T19:15:26.858Z] >>> HTTP REQUEST POST https://www.googleapis.com/oauth2/v3/token  
 <request body omitted>
[debug] [2021-02-08T19:15:27.016Z] <<< HTTP RESPONSE 200 {"pragma":"no-cache","date":"Mon, 08 Feb 2021 19:15:27 GMT","expires":"Mon, 01 Jan 1990 00:00:00 GMT","cache-control":"no-cache, no-store, max-age=0, must-revalidate","content-type":"application/json; charset=utf-8","vary":"X-Origin, Referer, Origin,Accept-Encoding","server":"scaffolding on HTTPServer2","x-xss-protection":"0","x-frame-options":"SAMEORIGIN","x-content-type-options":"nosniff","alt-svc":"h3-29=\":443\"; ma=2592000,h3-T051=\":443\"; ma=2592000,h3-Q050=\":443\"; ma=2592000,h3-Q046=\":443\"; ma=2592000,h3-Q043=\":443\"; ma=2592000,quic=\":443\"; ma=2592000; v=\"46,43\"","accept-ranges":"none","transfer-encoding":"chunked"}
[debug] [2021-02-08T19:15:27.043Z] >>> HTTP REQUEST GET https://firebasedatabase.googleapis.com/v1beta/projects/cloudgile/locations/-/instances/cloudgile-default-rtdb  
 
[debug] [2021-02-08T19:15:27.442Z] <<< HTTP RESPONSE 200 {"content-type":"application/json; charset=UTF-8","vary":"X-Origin, Referer, Origin,Accept-Encoding","date":"Mon, 08 Feb 2021 19:15:27 GMT","server":"ESF","cache-control":"private","x-xss-protection":"0","x-frame-options":"SAMEORIGIN","x-content-type-options":"nosniff","alt-svc":"h3-29=\":443\"; ma=2592000,h3-T051=\":443\"; ma=2592000,h3-Q050=\":443\"; ma=2592000,h3-Q046=\":443\"; ma=2592000,h3-Q043=\":443\"; ma=2592000,quic=\":443\"; ma=2592000; v=\"46,43\"","accept-ranges":"none","transfer-encoding":"chunked"}
[debug] [2021-02-08T19:15:27.444Z] >>> HTTP REQUEST PUT https://cloudgile-default-rtdb.firebaseio.com/.settings/rules.json?dryRun=true  
 {
  "rules": {
    ".read": "now < 1614924000000",
    ".write": "now < 1614924000000" 
  }
}
[debug] [2021-02-08T19:15:27.880Z] <<< HTTP RESPONSE 401 {"server":"nginx","date":"Mon, 08 Feb 2021 19:15:27 GMT","content-type":"application/json; charset=utf-8","content-length":"36","connection":"keep-alive","access-control-allow-origin":"*","cache-control":"no-cache","strict-transport-security":"max-age=31556926; includeSubDomains; preload"}
[debug] [2021-02-08T19:15:27.880Z] <<< HTTP RESPONSE BODY {
  "error" : "Permission denied"
}

[error] 
[error] Error: Unexpected error while deploying database rules.
